{
  "RSpec": {
    "coverage": {
      "/home/ubuntu/used_cars/app/controllers/application_controller.rb": [
        1,
        1,
        null,
        1,
        null,
        1,
        null,
        15,
        0,
        null,
        0,
        null,
        null,
        null,
        null,
        1,
        1,
        null,
        1,
        1,
        0,
        null,
        null,
        null
      ],
      "/home/ubuntu/used_cars/app/helpers/application_helper.rb": [
        1,
        null
      ],
      "/home/ubuntu/used_cars/app/helpers/cars_helper.rb": [
        1,
        null
      ],
      "/home/ubuntu/used_cars/app/helpers/comments_helper.rb": [
        1,
        null
      ],
      "/home/ubuntu/used_cars/app/helpers/pages_helper.rb": [
        1,
        null
      ],
      "/home/ubuntu/used_cars/app/helpers/sellers_helper.rb": [
        1,
        null
      ],
      "/home/ubuntu/used_cars/app/helpers/sessions_helper.rb": [
        1,
        null
      ],
      "/home/ubuntu/used_cars/app/controllers/cars_controller.rb": [
        1,
        1,
        null,
        null,
        1,
        1,
        null,
        null,
        1,
        1,
        1,
        null,
        null,
        null,
        null,
        null,
        1,
        1,
        null,
        1,
        1,
        1,
        null,
        null,
        null,
        null,
        null,
        1,
        null,
        1,
        1,
        null,
        null,
        null,
        null,
        null,
        null,
        null,
        null,
        null,
        null,
        null,
        null,
        1,
        null,
        null,
        1,
        1,
        null,
        null,
        null,
        null,
        1,
        null,
        2,
        null,
        2,
        2,
        2,
        1,
        1,
        null,
        1,
        null,
        null,
        null,
        null,
        null,
        null,
        null,
        1,
        null,
        2,
        2,
        2,
        1,
        1,
        null,
        1,
        null,
        null,
        null,
        null,
        null,
        null,
        null,
        null,
        null,
        null,
        null,
        null,
        null,
        null,
        1,
        1,
        1,
        1,
        null,
        1,
        null,
        1,
        null,
        null,
        null,
        null,
        null,
        null,
        null
      ],
      "/home/ubuntu/used_cars/app/models/car.rb": [
        1,
        1,
        1,
        null,
        1,
        null,
        null,
        1,
        1,
        null,
        null
      ],
      "/home/ubuntu/used_cars/app/controllers/pages_controller.rb": [
        1,
        1,
        1,
        1,
        1,
        null,
        null,
        1,
        null,
        null,
        1,
        null,
        null,
        null
      ],
      "/home/ubuntu/used_cars/app/controllers/sellers_controller.rb": [
        1,
        1,
        null,
        null,
        1,
        3,
        3,
        3,
        null,
        3,
        3,
        3,
        2,
        2,
        null,
        null,
        3,
        3,
        1,
        1,
        null,
        null,
        null,
        null,
        null,
        null,
        1,
        null,
        null,
        null,
        1,
        1,
        null,
        1,
        1,
        1,
        null,
        null,
        null,
        null,
        null,
        1,
        1,
        null,
        1,
        1,
        1,
        null,
        null,
        null,
        null,
        1,
        1,
        null,
        null,
        null,
        null,
        1,
        2,
        null,
        2,
        2,
        2,
        1,
        null,
        2,
        1,
        null,
        null,
        null,
        null,
        null,
        null,
        1,
        2,
        null,
        2,
        2,
        2,
        1,
        null,
        2,
        1,
        null,
        null,
        null,
        null,
        null,
        null,
        1,
        1,
        1,
        null,
        1,
        2,
        1,
        null,
        null,
        null
      ],
      "/home/ubuntu/used_cars/app/models/seller.rb": [
        1,
        1,
        1,
        1,
        null,
        1,
        1,
        null
      ],
      "/home/ubuntu/used_cars/app/controllers/sessions_controller.rb": [
        1,
        1,
        null,
        1,
        1,
        1,
        null,
        null,
        1,
        null,
        0,
        0,
        null,
        0,
        0,
        null,
        0,
        null,
        0,
        0,
        0,
        null,
        null,
        null,
        null,
        1,
        null,
        null,
        1,
        1,
        1,
        null,
        null,
        null,
        null
      ],
      "/home/ubuntu/used_cars/app/models/authorization.rb": [
        1,
        1,
        1,
        null
      ]
    },
    "timestamp": 1358686174
  }
}
